build/outputs/logs/manifest-merger-debug-report.txt
-- Merging decision tree log ---
manifest
ADDED from MUIS\AndroidManifest.xml:2:1-60:12
	package
		ADDED from MUIS\AndroidManifest.xml:3:5-33
	android:versionName
		ADDED from MUIS\AndroidManifest.xml:5:5-30
		INJECTED from MUIS\AndroidManifest.xml
		INJECTED from MUIS\AndroidManifest.xml
	android:versionCode
		ADDED from MUIS\AndroidManifest.xml:4:5-28
		INJECTED from MUIS\AndroidManifest.xml
		INJECTED from MUIS\AndroidManifest.xml
	xmlns:android
		ADDED from MUIS\AndroidManifest.xml:2:11-69
uses-sdk
ADDED from MUIS\AndroidManifest.xml:7:5-9:41
	android:targetSdkVersion
		ADDED from MUIS\AndroidManifest.xml:9:9-38
	android:minSdkVersion
		ADDED from MUIS\AndroidManifest.xml:8:9-35
uses-permission#android.permission.INTERNET
ADDED from MUIS\AndroidManifest.xml:11:5-67
	android:name
		ADDED from MUIS\AndroidManifest.xml:11:22-64
uses-permission#android.permission.ACCESS_WIFI_STATE
ADDED from MUIS\AndroidManifest.xml:12:5-13:23
	android:name
		ADDED from MUIS\AndroidManifest.xml:12:22-73
uses-permission#android.permission.CHANGE_WIFI_STATE
ADDED from MUIS\AndroidManifest.xml:14:5-15:23
	android:name
		ADDED from MUIS\AndroidManifest.xml:14:22-73
uses-permission#android.permission.ACCESS_NETWORK_STATE
ADDED from MUIS\AndroidManifest.xml:16:5-17:23
	android:name
		ADDED from MUIS\AndroidManifest.xml:16:22-76
uses-permission#android.permission.WRITE_EXTERNAL_STORAGE
ADDED from MUIS\AndroidManifest.xml:20:5-81
	android:name
		ADDED from MUIS\AndroidManifest.xml:20:22-78
supports-screens
ADDED from MUIS\AndroidManifest.xml:22:5-25:40
	android:screenOrientation
		ADDED from MUIS\AndroidManifest.xml:24:9-46
	android:xlargeScreens
		ADDED from MUIS\AndroidManifest.xml:25:9-37
	android:anyDensity
		ADDED from MUIS\AndroidManifest.xml:23:9-34
uses-permission#android.permission.DISABLE_KEYGUARD
ADDED from MUIS\AndroidManifest.xml:28:5-29:23
	android:name
		ADDED from MUIS\AndroidManifest.xml:28:22-72
uses-permission#android.permission.WAKE_LOCK
ADDED from MUIS\AndroidManifest.xml:31:5-32:23
	android:name
		ADDED from MUIS\AndroidManifest.xml:31:22-65
application
ADDED from MUIS\AndroidManifest.xml:34:5-58:19
	android:label
		ADDED from MUIS\AndroidManifest.xml:37:9-41
	android:allowBackup
		ADDED from MUIS\AndroidManifest.xml:35:9-35
	android:icon
		ADDED from MUIS\AndroidManifest.xml:36:9-39
	android:theme
		ADDED from MUIS\AndroidManifest.xml:38:9-40
activity#com.sheenline.muis.login.SelectActivity
ADDED from MUIS\AndroidManifest.xml:41:9-51:20
	android:screenOrientation
		ADDED from MUIS\AndroidManifest.xml:44:13-50
	android:label
		ADDED from MUIS\AndroidManifest.xml:43:13-45
	android:windowSoftInputMode
		ADDED from MUIS\AndroidManifest.xml:45:13-67
	android:name
		ADDED from MUIS\AndroidManifest.xml:42:13-67
intent-filter#android.intent.action.MAIN+android.intent.category.LAUNCHER
ADDED from MUIS\AndroidManifest.xml:46:13-50:29
action#android.intent.action.MAIN
ADDED from MUIS\AndroidManifest.xml:47:17-69
	android:name
		ADDED from MUIS\AndroidManifest.xml:47:25-66
category#android.intent.category.LAUNCHER
ADDED from MUIS\AndroidManifest.xml:49:17-77
	android:name
		ADDED from MUIS\AndroidManifest.xml:49:27-74
activity#com.sheenline.muis.main.MainActivity
ADDED from MUIS\AndroidManifest.xml:52:9-57:20
	android:screenOrientation
		ADDED from MUIS\AndroidManifest.xml:55:13-50
	android:label
		ADDED from MUIS\AndroidManifest.xml:54:13-45
	android:windowSoftInputMode
		ADDED from MUIS\AndroidManifest.xml:56:13-72
	android:name
		ADDED from MUIS\AndroidManifest.xml:53:13-64